================================================================================
JobID = 11980106
User = u22214, Account = ag_gipp
Partition = scc-gpu, Nodelist = ggpu143
================================================================================
[after reading model] RAM: 1.30 GB | GPU Allocated: 8.46 GB | GPU Reserved: 9.77 GB
[after reading dataset] RAM: 1.31 GB | GPU Allocated: 8.46 GB | GPU Reserved: 9.77 GB
CUDA available: True
Device: NVIDIA A100-SXM4-80GB
Creating Datasets from Base Dataset...
[before subset] RAM: 1.31 GB | GPU Allocated: 8.46 GB | GPU Reserved: 9.77 GB
[after subset] RAM: 1.31 GB | GPU Allocated: 8.46 GB | GPU Reserved: 9.77 GB
[before manipulation] RAM: 1.31 GB | GPU Allocated: 8.46 GB | GPU Reserved: 9.77 GB
[after manipulation] RAM: 1.75 GB | GPU Allocated: 8.48 GB | GPU Reserved: 13.77 GB
Successful creation of Datasets
Number of datasets created: 1
Creating TrainingArgs Lists...
Successful creation of all TrainingArgs
Creating Trainers...
trainable params: 13,631,488 || all params: 8,043,892,736 || trainable%: 0.1695
Successful creation of Trainers...
[before training] RAM: 1.82 GB | GPU Allocated: 8.53 GB | GPU Reserved: 13.77 GB
Running Trainings...
{'eval_loss': 1.9798206090927124, 'eval_runtime': 24.2751, 'eval_samples_per_second': 12.358, 'eval_steps_per_second': 3.09, 'epoch': 1.0}
{'eval_loss': 0.7092496752738953, 'eval_runtime': 24.0497, 'eval_samples_per_second': 12.474, 'eval_steps_per_second': 3.119, 'epoch': 2.0}
{'train_runtime': 320.6855, 'train_samples_per_second': 4.366, 'train_steps_per_second': 0.137, 'train_loss': 2.6234968358820137, 'epoch': 2.0}
Training Runs successful
[after training] RAM: 2.05 GB | GPU Allocated: 8.65 GB | GPU Reserved: 30.37 GB

Cleaning up...

Cleaning up all datasets for this method...
============ Job Information ===================================================
Submitted: 2025-12-10T00:58:52
Started: 2025-12-10T00:59:33
Ended: 2025-12-10T01:08:14
Elapsed: 9 min, Limit: 1200 min, Difference: 1191 min
CPUs: 8, Nodes: 1
Estimated Consumption: 22.50 core-hours
================================================================================
