================================================================================
JobID = 11980315
User = u22214, Account = ag_gipp
Partition = scc-gpu, Nodelist = ggpu143
================================================================================
[after reading model] RAM: 1.31 GB | GPU Allocated: 8.46 GB | GPU Reserved: 9.77 GB
[after reading dataset] RAM: 1.32 GB | GPU Allocated: 8.46 GB | GPU Reserved: 9.77 GB
CUDA available: True
Device: NVIDIA A100-SXM4-80GB
Creating Datasets from Base Dataset...
[before subset] RAM: 1.32 GB | GPU Allocated: 8.46 GB | GPU Reserved: 9.77 GB
[after subset] RAM: 1.32 GB | GPU Allocated: 8.46 GB | GPU Reserved: 9.77 GB
[before manipulation] RAM: 1.36 GB | GPU Allocated: 8.46 GB | GPU Reserved: 9.77 GB
[after manipulation] RAM: 1.81 GB | GPU Allocated: 8.48 GB | GPU Reserved: 16.32 GB
Successful creation of Datasets
Number of datasets created: 1
Creating TrainingArgs Lists...
Successful creation of all TrainingArgs
Creating Trainers...
trainable params: 13,631,488 || all params: 8,043,892,736 || trainable%: 0.1695
Successful creation of Trainers...
[before training] RAM: 1.96 GB | GPU Allocated: 8.53 GB | GPU Reserved: 16.32 GB
Running Trainings...
{'loss': 0.4817, 'grad_norm': 0.186438649892807, 'learning_rate': 1.8485679463741622e-05, 'epoch': 0.23}
{'loss': 0.2737, 'grad_norm': 0.2768017649650574, 'learning_rate': 1.6962218159658745e-05, 'epoch': 0.46}
{'loss': 0.2729, 'grad_norm': 0.18377003073692322, 'learning_rate': 1.543875685557587e-05, 'epoch': 0.69}
{'loss': 0.2689, 'grad_norm': 0.24320106208324432, 'learning_rate': 1.3915295551492993e-05, 'epoch': 0.91}
{'eval_loss': 0.2679356336593628, 'eval_runtime': 2408.8883, 'eval_samples_per_second': 12.454, 'eval_steps_per_second': 3.113, 'epoch': 1.0}
{'loss': 0.2649, 'grad_norm': 0.28946807980537415, 'learning_rate': 1.2391834247410118e-05, 'epoch': 1.14}
{'loss': 0.2643, 'grad_norm': 0.23641164600849152, 'learning_rate': 1.0868372943327242e-05, 'epoch': 1.37}
{'loss': 0.2671, 'grad_norm': 0.19805407524108887, 'learning_rate': 9.344911639244364e-06, 'epoch': 1.6}
{'loss': 0.2668, 'grad_norm': 0.18691523373126984, 'learning_rate': 7.821450335161487e-06, 'epoch': 1.83}
{'eval_loss': 0.26420605182647705, 'eval_runtime': 2407.6284, 'eval_samples_per_second': 12.46, 'eval_steps_per_second': 3.115, 'epoch': 2.0}
{'loss': 0.2628, 'grad_norm': 0.17769218981266022, 'learning_rate': 6.297989031078611e-06, 'epoch': 2.06}
{'loss': 0.2642, 'grad_norm': 0.2514757513999939, 'learning_rate': 4.7745277269957344e-06, 'epoch': 2.29}
{'loss': 0.2616, 'grad_norm': 0.23653438687324524, 'learning_rate': 3.251066422912858e-06, 'epoch': 2.51}
{'loss': 0.2606, 'grad_norm': 0.2021721601486206, 'learning_rate': 1.7276051188299819e-06, 'epoch': 2.74}
{'loss': 0.2599, 'grad_norm': 0.22786712646484375, 'learning_rate': 2.0414381474710544e-07, 'epoch': 2.97}
{'eval_loss': 0.26298439502716064, 'eval_runtime': 2409.5404, 'eval_samples_per_second': 12.451, 'eval_steps_per_second': 3.113, 'epoch': 3.0}
{'train_runtime': 48566.5053, 'train_samples_per_second': 4.324, 'train_steps_per_second': 0.135, 'train_loss': 0.2820200612093166, 'epoch': 3.0}
Training Runs successful
[after training] RAM: 2.90 GB | GPU Allocated: 8.65 GB | GPU Reserved: 30.38 GB

Cleaning up...

Cleaning up all datasets for this method...
============ Job Information ===================================================
Submitted: 2025-12-10T01:38:10
Started: 2025-12-10T01:38:36
Ended: 2025-12-10T15:57:53
Elapsed: 860 min, Limit: 1200 min, Difference: 340 min
CPUs: 8, Nodes: 1
Estimated Consumption: 2150.00 core-hours
================================================================================
