================================================================================
JobID = 11966002
User = u22214, Account = ag_gipp
Partition = scc-gpu, Nodelist = ggpu139
================================================================================
[Before loading tokenizer] RAM: 0.74 GB | GPU Allocated: 0.00 GB | GPU Reserved: 0.00 GB
[After loading tokenizer] RAM: 0.81 GB | GPU Allocated: 0.00 GB | GPU Reserved: 0.00 GB
[Before loading model] RAM: 0.81 GB | GPU Allocated: 0.00 GB | GPU Reserved: 0.00 GB
[After loading model (after .to(device))] RAM: 1.51 GB | GPU Allocated: 8.46 GB | GPU Reserved: 9.66 GB
[=== START ===] RAM: 1.51 GB | GPU Allocated: 8.46 GB | GPU Reserved: 9.66 GB

============================================================
Processing method: replace_logits
============================================================
[Method 'replace_logits' - START] RAM: 1.51 GB | GPU Allocated: 8.46 GB | GPU Reserved: 9.66 GB
Creating Datasets from Base Dataset...
[Before subset generation] RAM: 1.51 GB | GPU Allocated: 8.46 GB | GPU Reserved: 9.66 GB
[After subset generation] RAM: 1.51 GB | GPU Allocated: 8.46 GB | GPU Reserved: 9.66 GB
[After saving subset] RAM: 1.57 GB | GPU Allocated: 8.46 GB | GPU Reserved: 9.66 GB
============ Job Information ===================================================
Submitted: 2025-12-08T19:30:57
Started: 2025-12-08T19:32:26
Ended: 2025-12-08T19:34:21
Elapsed: 2 min, Limit: 1200 min, Difference: 1198 min
CPUs: 8, Nodes: 1
Estimated Consumption: 5.00 core-hours
================================================================================
