================================================================================
JobID = 12027180
User = u22214, Account = ag_gipp
Partition = scc-gpu, Nodelist = ggpu138
================================================================================
[after reading model] RAM: 1.32 GB | GPU Allocated: 8.46 GB | GPU Reserved: 9.77 GB
[after reading dataset] RAM: 1.33 GB | GPU Allocated: 8.46 GB | GPU Reserved: 9.77 GB
CUDA available: True
Device: NVIDIA A100-SXM4-80GB
Creating Datasets from Base Dataset...
[before subset] RAM: 1.33 GB | GPU Allocated: 8.46 GB | GPU Reserved: 9.77 GB
[after subset] RAM: 1.33 GB | GPU Allocated: 8.46 GB | GPU Reserved: 9.77 GB
[before manipulation] RAM: 1.37 GB | GPU Allocated: 8.46 GB | GPU Reserved: 9.77 GB
============ Job Information ===================================================
Submitted: 2025-12-16T14:23:43
Started: 2025-12-16T14:24:03
Ended: 2025-12-16T14:25:39
Elapsed: 2 min, Limit: 1200 min, Difference: 1198 min
CPUs: 8, Nodes: 1
Estimated Consumption: 5.00 core-hours
================================================================================
